INFO  09:41:08 Application started. Press Ctrl+C to shut down.
INFO  09:41:08 Application started. Press Ctrl+C to shut down.
INFO  09:41:08 Hosting environment: Development
INFO  09:41:08 Hosting environment: Development
INFO  09:41:08 Content root path: C:\Users\wasim\source\repos\eVotingApp\VotingAdminService
INFO  09:41:08 Content root path: C:\Users\wasim\source\repos\eVotingApp\VotingAdminService
INFO  09:44:10 Application started. Press Ctrl+C to shut down.
INFO  09:44:10 Application started. Press Ctrl+C to shut down.
INFO  09:44:10 Hosting environment: Development
INFO  09:44:10 Hosting environment: Development
INFO  09:44:10 Content root path: C:\Users\wasim\source\repos\eVotingApp\VotingAdminService
INFO  09:44:10 Content root path: C:\Users\wasim\source\repos\eVotingApp\VotingAdminService
INFO  09:44:19 Getting all Contenders
INFO  09:44:35 Getting Contender by Id(3)
INFO  09:44:55 Contender Details Getting Added - ContenderID is 1
INFO  09:45:18 Getting all Contenders
INFO  10:26:04 Application started. Press Ctrl+C to shut down.
INFO  10:26:04 Application started. Press Ctrl+C to shut down.
INFO  10:26:04 Hosting environment: Development
INFO  10:26:04 Hosting environment: Development
INFO  10:26:04 Content root path: C:\Users\wasim\source\repos\eVotingApp\VotingAdminService
INFO  10:26:04 Content root path: C:\Users\wasim\source\repos\eVotingApp\VotingAdminService
INFO  10:59:59 Application started. Press Ctrl+C to shut down.
INFO  10:59:59 Application started. Press Ctrl+C to shut down.
INFO  10:59:59 Hosting environment: Development
INFO  10:59:59 Hosting environment: Development
INFO  10:59:59 Content root path: C:\Users\wasim\source\repos\eVotingApp\VotingAdminService
INFO  10:59:59 Content root path: C:\Users\wasim\source\repos\eVotingApp\VotingAdminService
INFO  11:01:13 Getting all Contenders
INFO  11:02:18 Getting all Contenders
INFO  11:04:23 Contender Details Getting Added - ContenderID is 1
INFO  11:04:32 Getting all Contenders
INFO  11:08:56 Getting all Contenders
INFO  11:20:24 Getting all Contenders
INFO  11:30:10 Getting all Contenders
INFO  11:32:38 Getting all Contenders
